Starting Dynare (version 4.5.6).
Starting preprocessing of the model file ...
Substitution of endo leads >= 2: added 18 auxiliary variables and equations.
Substitution of endo lags >= 2: added 28 auxiliary variables and equations.
Found 279 equation(s).
Evaluating expressions...done
Computing static model derivatives:
 - order 1
Computing dynamic model derivatives:
 - order 1
 - order 2
Processing outputs ...
done
Preprocessing completed.

STEADY-STATE RESULTS:

EAUS_RER           		 0.937577
EA_B               		 8.76094
EA_BF              		 -5.03866e-14
EA_BY              		 2.39999
EA_C               		 2.18955
EA_CI              		 2.30655
EA_CJ              		 1.83855
EA_CY              		 0.599806
EA_D               		 6.22817e-06
EA_EPSILONM        		 -0.750014
EA_FH              		 23.3934
EA_FI              		 130.038
EA_FJ              		 4.81621
EA_FX              		 0.779779
EA_G               		 0.652857
EA_GAMMAB          		 -1.28329e-16
EA_GAMMAI          		 4.00275e-26
EA_GAMMAIDER       		 0
EA_GAMMAIMC        		 0
EA_GAMMAIMCDAG     		 1
EA_GAMMAIMI        		 0
EA_GAMMAIMIDAG     		 1
EA_GAMMAU          		 9.52932e-16
EA_GAMMAUDER       		 0.0340903
EA_GAMMAV          		 0.000701635
EA_GAMMAVI         		 0.000320447
EA_GAMMAVIDER      		 0.0217998
EA_GAMMAVJ         		 0.000320447
EA_GAMMAVJDER      		 0.0217998
EA_GH              		 28.0723
EA_GI              		 9.36367
EA_GJ              		 4.91243
EA_GX              		 0.935735
EA_GY              		 0.18
EA_H               		 2.97414
EA_HC              		 1.99485
EA_HI              		 0.326436
EA_I               		 0.835596
EA_II              		 1.11413
EA_IM              		 0.706281
EA_IMC             		 0.196186
EA_IMCY            		 0.0499995
EA_IMI             		 0.510095
EA_IMIY            		 0.130002
EA_IMY             		 0.180001
EA_IY              		 0.220003
EA_K               		 33.4238
EA_KD              		 33.4238
EA_KI              		 44.5651
EA_LAMBDAI         		 0.979251
EA_LAMBDAJ         		 1.54122
EA_M               		 3.45367
EA_MC              		 0.838714
EA_MI              		 3.63822
EA_MJ              		 2.90003
EA_ND              		 1.81678
EA_NDI             		 0.877518
EA_NDJ             		 0.994177
EA_NI              		 0.877518
EA_NJ              		 0.994177
EA_PH              		 1.00646
EA_PHTILDE         		 1.00645
EA_PI              		 0.961118
EA_PIC             		 1.00496
EA_PIC4            		 1.01999
EA_PIH             		 1.00496
EA_PIIM            		 1.00496
EA_PIM             		 0.930341
EA_PIMTILDE        		 0.930341
EA_PY              		 1.00646
EA_Q               		 0.961118
EA_QC              		 2.19025
EA_QI              		 0.835596
EA_R               		 1.01241
EA_RER             		 0.937577
EA_RERDEP          		 1
EA_RK              		 0.0327648
EA_RP              		 1.80653e-25
EA_RR              		 1.00742
EA_RRSTAR          		 1.00742
EA_SH              		 1
EA_SI              		 1
EA_SJ              		 1
EA_SX              		 1
EA_T               		 -2.31582e-06
EA_TAUC            		 0.183
EA_TAUD            		 0
EA_TAUK            		 0.184123
EA_TAUN            		 0.122
EA_TAUWF           		 0.219
EA_TAUWH           		 0.118
EA_TB              		 5.79295e-16
EA_TI              		 -2.77898e-06
EA_TJ              		 -9.26327e-07
EA_TOT             		 0.924373
EA_TR              		 0.712416
EA_TRI             		 0.474944
EA_TRJ             		 1.42483
EA_TRY             		 0.195161
EA_TY              		 -6.344e-07
EA_U               		 1
EA_UTILI           		 -177.82
EA_UTILJ           		 -229.192
EA_VI              		 0.749995
EA_VJ              		 0.749995
EA_W               		 1.15381
EA_WI              		 1.24161
EA_WITILDE         		 1.24161
EA_WJ              		 1.01258
EA_WJTILDE         		 1.01258
EA_Y               		 3.62701
EA_YGAP            		 7.40348e-06
EA_YGROWTH         		 1
EA_YS              		 3.62701
EA_YSHARE          		 0.419354
EA_Z               		 1
USEA_RER           		 1.06658
US_B               		 9.34596
US_BF              		 3.63971e-14
US_BY              		 2.39999
US_C               		 2.41415
US_CI              		 2.69736
US_CJ              		 1.56454
US_CY              		 0.619935
US_D               		 6.57837e-06
US_EPSILONM        		 -0.750014
US_FH              		 26.4773
US_FI              		 828.444
US_FJ              		 30.6831
US_FX              		 0.60078
US_G               		 0.627913
US_GAMMAI          		 -1.87738e-26
US_GAMMAIDER       		 0
US_GAMMAIMC        		 0
US_GAMMAIMCDAG     		 1
US_GAMMAIMI        		 0
US_GAMMAIMIDAG     		 1
US_GAMMAU          		 5.58535e-16
US_GAMMAUDER       		 0.0340903
US_GAMMAV          		 0.000243785
US_GAMMAVI         		 0.000100982
US_GAMMAVIDER      		 0.00216481
US_GAMMAVJ         		 0.000100982
US_GAMMAVJDER      		 0.00216481
US_GH              		 31.773
US_GI              		 14.3476
US_GJ              		 14.2155
US_GX              		 0.720937
US_GY              		 0.16
US_H               		 3.4143
US_HC              		 2.1977
US_HI              		 0.588682
US_I               		 0.84178
US_II              		 1.12237
US_IM              		 0.471602
US_IMC             		 0.217661
US_IMCY            		 0.0599998
US_IMI             		 0.253942
US_IMIY            		 0.070001
US_IMY             		 0.130001
US_IY              		 0.220003
US_K               		 33.6712
US_KD              		 33.6712
US_KI              		 44.8949
US_LAMBDAI         		 0.793734
US_LAMBDAJ         		 2.35927
US_M               		 1.09246
US_MC              		 0.826902
US_MI              		 1.22061
US_MJ              		 0.70799
US_ND              		 2.02692
US_NDI             		 0.842738
US_NDJ             		 1.2804
US_NI              		 0.842738
US_NJ              		 1.2804
US_PH              		 0.992283
US_PHTILDE         		 0.992275
US_PI              		 1.01777
US_PIC             		 1.00496
US_PIC4            		 1.01999
US_PIH             		 1.00496
US_PIIM            		 1.00496
US_PIM             		 1.07347
US_PIMTILDE        		 1.07347
US_PY              		 0.992283
US_Q               		 1.01777
US_QC              		 2.4144
US_QI              		 0.84178
US_R               		 1.01241
US_RK              		 0.034696
US_RR              		 1.00742
US_RRSTAR          		 1.00742
US_SH              		 1
US_SI              		 1
US_SJ              		 1
US_SX              		 1
US_T               		 -4.63925e-06
US_TAUC            		 0.077
US_TAUD            		 0
US_TAUK            		 0.184123
US_TAUN            		 0.154
US_TAUWF           		 0.071
US_TAUWH           		 0.071
US_TI              		 -5.5671e-06
US_TJ              		 -1.8557e-06
US_TR              		 0.31049
US_TRI             		 0.206993
US_TRJ             		 0.62098
US_TRY             		 0.079732
US_TY              		 -1.19133e-06
US_U               		 1
US_UTILI           		 -152.994
US_UTILJ           		 -312.092
US_VI              		 2.37999
US_VJ              		 2.37999
US_W               		 1.25571
US_WI              		 1.38545
US_WITILDE         		 1.38545
US_WJ              		 1.07596
US_WJTILDE         		 1.07595
US_Y               		 3.92448
US_YGAP            		 7.2095e-06
US_YGROWTH         		 1
US_YS              		 3.92448
US_YSHARE          		 0.580646
US_Z               		 1
EA_EPSG            		 0
interest           		 -7.40348e-06
inflation          		 -7.40348e-06
inflationq         		 -7.40348e-06
outputgap          		 7.40348e-06
output             		 1.00001
fispol             		 0
Total computing time : 0h00m01s
